Flow report for sampler
Sun Jun 25 19:30:55 2017
Quartus Prime Version 17.0.0 Build 595 04/25/2017 SJ Lite Edition


---------------------
; Table of Contents ;
---------------------
  1. Legal Notice
  2. Flow Summary
  3. Flow Settings
  4. Flow Non-Default Global Settings
  5. Flow Elapsed Time
  6. Flow OS Summary
  7. Flow Log
  8. Flow Messages
  9. Flow Suppressed Messages



----------------
; Legal Notice ;
----------------
Copyright (C) 2017  Intel Corporation. All rights reserved.
Your use of Intel Corporation's design tools, logic functions 
and other software and tools, and its AMPP partner logic 
functions, and any output files from any of the foregoing 
(including device programming or simulation files), and any 
associated documentation or information are expressly subject 
to the terms and conditions of the Intel Program License 
Subscription Agreement, the Intel Quartus Prime License Agreement,
the Intel MegaCore Function License Agreement, or other 
applicable license agreement, including, without limitation, 
that your use is for the sole purpose of programming logic 
devices manufactured by Intel and sold by Intel or its 
authorized distributors.  Please refer to the applicable 
agreement for further details.



+----------------------------------------------------------------------------------+
; Flow Summary                                                                     ;
+------------------------------------+---------------------------------------------+
; Flow Status                        ; Successful - Sun Jun 25 19:30:48 2017       ;
; Quartus Prime Version              ; 17.0.0 Build 595 04/25/2017 SJ Lite Edition ;
; Revision Name                      ; sampler                                     ;
; Top-level Entity Name              ; sampler                                     ;
; Family                             ; Cyclone IV E                                ;
; Device                             ; EP4CE22F17C6                                ;
; Timing Models                      ; Final                                       ;
; Total logic elements               ; 2,360 / 22,320 ( 11 % )                     ;
;     Total combinational functions  ; 2,109 / 22,320 ( 9 % )                      ;
;     Dedicated logic registers      ; 1,377 / 22,320 ( 6 % )                      ;
; Total registers                    ; 1446                                        ;
; Total pins                         ; 154 / 154 ( 100 % )                         ;
; Total virtual pins                 ; 0                                           ;
; Total memory bits                  ; 142,336 / 608,256 ( 23 % )                  ;
; Embedded Multiplier 9-bit elements ; 0 / 132 ( 0 % )                             ;
; Total PLLs                         ; 1 / 4 ( 25 % )                              ;
+------------------------------------+---------------------------------------------+


+-----------------------------------------+
; Flow Settings                           ;
+-------------------+---------------------+
; Option            ; Setting             ;
+-------------------+---------------------+
; Start date & time ; 06/25/2017 19:28:48 ;
; Main task         ; Compilation         ;
; Revision Name     ; sampler             ;
+-------------------+---------------------+


+--------------------------------------------------------------------------------------------------------------------------------------------------+
; Flow Non-Default Global Settings                                                                                                                 ;
+-------------------------------------+----------------------------------------------------------------+---------------+--------------+------------+
; Assignment Name                     ; Value                                                          ; Default Value ; Entity Name  ; Section Id ;
+-------------------------------------+----------------------------------------------------------------+---------------+--------------+------------+
; COMPILER_SIGNATURE_ID               ; 101318454153149.149841172706560                                ; --            ; --           ; --         ;
; MAX_CORE_JUNCTION_TEMP              ; 85                                                             ; --            ; --           ; --         ;
; MIN_CORE_JUNCTION_TEMP              ; 0                                                              ; --            ; --           ; --         ;
; MISC_FILE                           ; nios_sampler/synthesis/../nios_sampler.cmp                     ; --            ; --           ; --         ;
; MISC_FILE                           ; nios_sampler/synthesis/../../nios_sampler.qsys                 ; --            ; --           ; --         ;
; PARTITION_COLOR                     ; -- (Not supported for targeted family)                         ; --            ; --           ; Top        ;
; PARTITION_FITTER_PRESERVATION_LEVEL ; -- (Not supported for targeted family)                         ; --            ; --           ; Top        ;
; PARTITION_NETLIST_TYPE              ; -- (Not supported for targeted family)                         ; --            ; --           ; Top        ;
; POWER_BOARD_THERMAL_MODEL           ; None (CONSERVATIVE)                                            ; --            ; --           ; --         ;
; POWER_PRESET_COOLING_SOLUTION       ; 23 MM HEAT SINK WITH 200 LFPM AIRFLOW                          ; --            ; --           ; --         ;
; SLD_FILE                            ; nios_sampler/synthesis/nios_sampler.regmap                     ; --            ; --           ; --         ;
; SLD_FILE                            ; nios_sampler/synthesis/nios_sampler.debuginfo                  ; --            ; --           ; --         ;
; SLD_INFO                            ; QSYS_NAME nios_sampler HAS_SOPCINFO 1 GENERATION_ID 1498411703 ; --            ; nios_sampler ; --         ;
; SOPCINFO_FILE                       ; nios_sampler/synthesis/../../nios_sampler.sopcinfo             ; --            ; --           ; --         ;
; SYNTHESIS_ONLY_QIP                  ; On                                                             ; --            ; --           ; --         ;
+-------------------------------------+----------------------------------------------------------------+---------------+--------------+------------+


+-------------------------------------------------------------------------------------------------------------------------------+
; Flow Elapsed Time                                                                                                             ;
+---------------------------+--------------+-------------------------+---------------------+------------------------------------+
; Module Name               ; Elapsed Time ; Average Processors Used ; Peak Virtual Memory ; Total CPU Time (on all processors) ;
+---------------------------+--------------+-------------------------+---------------------+------------------------------------+
; Analysis & Synthesis      ; 00:01:21     ; 1.0                     ; 793 MB              ; 00:02:28                           ;
; Fitter                    ; 00:00:26     ; 1.1                     ; 1472 MB             ; 00:00:23                           ;
; Assembler                 ; 00:00:02     ; 1.0                     ; 577 MB              ; 00:00:02                           ;
; TimeQuest Timing Analyzer ; 00:00:05     ; 1.3                     ; 708 MB              ; 00:00:05                           ;
; Total                     ; 00:01:54     ; --                      ; --                  ; 00:02:58                           ;
+---------------------------+--------------+-------------------------+---------------------+------------------------------------+


+-----------------------------------------------------------------------------------------+
; Flow OS Summary                                                                         ;
+---------------------------+------------------+------------+------------+----------------+
; Module Name               ; Machine Hostname ; OS Name    ; OS Version ; Processor type ;
+---------------------------+------------------+------------+------------+----------------+
; Analysis & Synthesis      ; rveldema-aliePC  ; Windows 10 ; 10.0       ; x86_64         ;
; Fitter                    ; rveldema-aliePC  ; Windows 10 ; 10.0       ; x86_64         ;
; Assembler                 ; rveldema-aliePC  ; Windows 10 ; 10.0       ; x86_64         ;
; TimeQuest Timing Analyzer ; rveldema-aliePC  ; Windows 10 ; 10.0       ; x86_64         ;
+---------------------------+------------------+------------+------------+----------------+


------------
; Flow Log ;
------------
quartus_map --read_settings_files=on --write_settings_files=off sampler -c sampler
quartus_fit --read_settings_files=off --write_settings_files=off sampler -c sampler
quartus_asm --read_settings_files=off --write_settings_files=off sampler -c sampler
quartus_sta sampler -c sampler



