Info: Starting: Create block symbol file (.bsf)
Info: qsys-generate F:\sampler\nios_sampler.qsys --block-symbol-file --output-directory=F:\sampler\nios_sampler --family="Cyclone IV E" --part=EP4CE22F17C6
Progress: Loading sampler/nios_sampler.qsys
Progress: Reading input file
Progress: Adding clk_0 [clock_source 17.0]
Progress: Parameterizing module clk_0
Progress: Adding nios2_gen2_0 [altera_nios2_gen2 17.0]
Progress: Parameterizing module nios2_gen2_0
Progress: Adding onchip_memory2_0 [altera_avalon_onchip_memory2 17.0]
Progress: Parameterizing module onchip_memory2_0
Progress: Building connections
Progress: Parameterizing connections
Progress: Validating
Progress: Done reading input file
Info: qsys-generate succeeded.
Info: Finished: Create block symbol file (.bsf)
Info: 
Info: Starting: Create HDL design files for synthesis
Info: qsys-generate F:\sampler\nios_sampler.qsys --synthesis=VERILOG --output-directory=F:\sampler\nios_sampler\synthesis --family="Cyclone IV E" --part=EP4CE22F17C6
Progress: Loading sampler/nios_sampler.qsys
Progress: Reading input file
Progress: Adding clk_0 [clock_source 17.0]
Progress: Parameterizing module clk_0
Progress: Adding nios2_gen2_0 [altera_nios2_gen2 17.0]
Progress: Parameterizing module nios2_gen2_0
Progress: Adding onchip_memory2_0 [altera_avalon_onchip_memory2 17.0]
Progress: Parameterizing module onchip_memory2_0
Progress: Building connections
Progress: Parameterizing connections
Progress: Validating
Progress: Done reading input file
Info: nios_sampler: Generating nios_sampler "nios_sampler" for QUARTUS_SYNTH
Info: nios2_gen2_0: "nios_sampler" instantiated altera_nios2_gen2 "nios2_gen2_0"
Info: onchip_memory2_0: Starting RTL generation for module 'nios_sampler_onchip_memory2_0'
Info: onchip_memory2_0:   Generation command is [exec F:/intelfpga_lite/17.0/quartus/bin64/perl/bin/perl.exe -I F:/intelfpga_lite/17.0/quartus/bin64/perl/lib -I F:/intelfpga_lite/17.0/quartus/sopc_builder/bin/europa -I F:/intelfpga_lite/17.0/quartus/sopc_builder/bin/perl_lib -I F:/intelfpga_lite/17.0/quartus/sopc_builder/bin -I F:/intelfpga_lite/17.0/quartus/../ip/altera/sopc_builder_ip/common -I F:/intelfpga_lite/17.0/quartus/../ip/altera/sopc_builder_ip/altera_avalon_onchip_memory2 -- F:/intelfpga_lite/17.0/quartus/../ip/altera/sopc_builder_ip/altera_avalon_onchip_memory2/generate_rtl.pl --name=nios_sampler_onchip_memory2_0 --dir=C:/Users/rveldema/AppData/Local/Temp/alt7327_6067578050316324234.dir/0001_onchip_memory2_0_gen/ --quartus_dir=F:/intelfpga_lite/17.0/quartus --verilog --config=C:/Users/rveldema/AppData/Local/Temp/alt7327_6067578050316324234.dir/0001_onchip_memory2_0_gen//nios_sampler_onchip_memory2_0_component_configuration.pl  --do_build_sim=0  ]
Info: onchip_memory2_0: Done RTL generation for module 'nios_sampler_onchip_memory2_0'
Info: onchip_memory2_0: "nios_sampler" instantiated altera_avalon_onchip_memory2 "onchip_memory2_0"
Info: avalon_st_adapter: Inserting error_adapter: error_adapter_0
Info: avalon_st_adapter_001: Inserting error_adapter: error_adapter_0
Info: mm_interconnect_0: "nios_sampler" instantiated altera_mm_interconnect "mm_interconnect_0"
Info: irq_mapper: "nios_sampler" instantiated altera_irq_mapper "irq_mapper"
Info: rst_controller: "nios_sampler" instantiated altera_reset_controller "rst_controller"
Info: cpu: Starting RTL generation for module 'nios_sampler_nios2_gen2_0_cpu'
Info: cpu:   Generation command is [exec F:/intelFPGA_lite/17.0/quartus/bin64//eperlcmd.exe -I F:/intelFPGA_lite/17.0/quartus/bin64//perl/lib -I F:/intelfpga_lite/17.0/quartus/sopc_builder/bin/europa -I F:/intelfpga_lite/17.0/quartus/sopc_builder/bin/perl_lib -I F:/intelfpga_lite/17.0/quartus/sopc_builder/bin -I F:/intelfpga_lite/17.0/quartus/../ip/altera/nios2_ip/altera_nios2_gen2/cpu_lib -I F:/intelfpga_lite/17.0/quartus/../ip/altera/nios2_ip/altera_nios2_gen2/nios_lib -I F:/intelfpga_lite/17.0/quartus/../ip/altera/nios2_ip/altera_nios2_gen2 -I F:/intelfpga_lite/17.0/quartus/../ip/altera/nios2_ip/altera_nios2_gen2 -- F:/intelfpga_lite/17.0/quartus/../ip/altera/nios2_ip/altera_nios2_gen2/generate_rtl.epl --name=nios_sampler_nios2_gen2_0_cpu --dir=C:/Users/rveldema/AppData/Local/Temp/alt7327_6067578050316324234.dir/0004_cpu_gen/ --quartus_bindir=F:/intelFPGA_lite/17.0/quartus/bin64/ --verilog --config=C:/Users/rveldema/AppData/Local/Temp/alt7327_6067578050316324234.dir/0004_cpu_gen//nios_sampler_nios2_gen2_0_cpu_processor_configuration.pl  --do_build_sim=0  ]
Info: cpu: # 2017.06.10 13:46:27 (*) Starting Nios II generation
Info: cpu: # 2017.06.10 13:46:27 (*)   Checking for plaintext license.
Info: cpu: # 2017.06.10 13:46:27 (*)   Couldn't query license setup in Quartus directory F:/intelFPGA_lite/17.0/quartus/bin64/
Info: cpu: # 2017.06.10 13:46:27 (*)   Defaulting to contents of LM_LICENSE_FILE environment variable
Info: cpu: # 2017.06.10 13:46:27 (*)   LM_LICENSE_FILE environment variable is empty
Info: cpu: # 2017.06.10 13:46:27 (*)   Plaintext license not found.
Info: cpu: # 2017.06.10 13:46:27 (*)   No license required to generate encrypted Nios II/e.
Info: cpu: # 2017.06.10 13:46:27 (*)   Elaborating CPU configuration settings
Info: cpu: # 2017.06.10 13:46:27 (*)   Creating all objects for CPU
Info: cpu: # 2017.06.10 13:46:29 (*)   Generating RTL from CPU objects
Info: cpu: # 2017.06.10 13:46:29 (*)   Creating plain-text RTL
Info: cpu: # 2017.06.10 13:46:30 (*) Done Nios II generation
Info: cpu: Done RTL generation for module 'nios_sampler_nios2_gen2_0_cpu'
Info: cpu: "nios2_gen2_0" instantiated altera_nios2_gen2_unit "cpu"
Info: nios2_gen2_0_data_master_translator: "mm_interconnect_0" instantiated altera_merlin_master_translator "nios2_gen2_0_data_master_translator"
Info: nios2_gen2_0_debug_mem_slave_translator: "mm_interconnect_0" instantiated altera_merlin_slave_translator "nios2_gen2_0_debug_mem_slave_translator"
Info: nios2_gen2_0_data_master_agent: "mm_interconnect_0" instantiated altera_merlin_master_agent "nios2_gen2_0_data_master_agent"
Info: nios2_gen2_0_debug_mem_slave_agent: "mm_interconnect_0" instantiated altera_merlin_slave_agent "nios2_gen2_0_debug_mem_slave_agent"
Info: nios2_gen2_0_debug_mem_slave_agent_rsp_fifo: "mm_interconnect_0" instantiated altera_avalon_sc_fifo "nios2_gen2_0_debug_mem_slave_agent_rsp_fifo"
Info: router: "mm_interconnect_0" instantiated altera_merlin_router "router"
Info: router_002: "mm_interconnect_0" instantiated altera_merlin_router "router_002"
Info: cmd_demux: "mm_interconnect_0" instantiated altera_merlin_demultiplexer "cmd_demux"
Info: cmd_mux: "mm_interconnect_0" instantiated altera_merlin_multiplexer "cmd_mux"
Info: rsp_mux: "mm_interconnect_0" instantiated altera_merlin_multiplexer "rsp_mux"
Info: Reusing file F:/sampler/nios_sampler/synthesis/submodules/altera_merlin_arbitrator.sv
Info: avalon_st_adapter: "mm_interconnect_0" instantiated altera_avalon_st_adapter "avalon_st_adapter"
Info: error_adapter_0: "avalon_st_adapter" instantiated error_adapter "error_adapter_0"
Info: nios_sampler: Done "nios_sampler" with 19 modules, 32 files
Info: qsys-generate succeeded.
Info: Finished: Create HDL design files for synthesis
